<?xml version="1.0" encoding="UTF-8"?>
<testng-results ignored="0" total="3" passed="3" failed="0" skipped="0">
  <reporter-output>
    <line>
      <![CDATA[Browser:EdgeDriver: MicrosoftEdge on windows (5bb783b77f9b3852c384f0ef7cce0370) | Page Title: Google]]>
    </line>
    <line>
      <![CDATA[Browser:ChromeDriver: chrome on windows (1f880aa3dcb5c4e362ad273bd9a2a44c) | Page Title: Google]]>
    </line>
    <line>
      <![CDATA[Browser:FirefoxDriver: firefox on windows (e1419c66-825b-48b1-8fdb-52659aa2ea47) | Page Title: Google]]>
    </line>
  </reporter-output>
  <suite started-at="2025-02-05T10:54:04 IST" name="Cross Browser Execution" finished-at="2025-02-05T10:54:36 IST" duration-ms="32519">
    <groups>
    </groups>
    <test started-at="2025-02-05T10:54:04 IST" name="Edge Test" finished-at="2025-02-05T10:54:29 IST" duration-ms="25370">
      <class name="crossbrowser.cross">
        <test-method is-config="true" signature="browserSetup(java.lang.String)[pri:0, instance:crossbrowser.cross@30c15d8b]" started-at="2025-02-05T10:54:04 IST" name="browserSetup" finished-at="2025-02-05T10:54:12 IST" duration-ms="8400" status="PASS">
          <params>
            <param index="0">
              <value>
                <![CDATA[edge]]>
              </value>
            </param>
          </params>
          <reporter-output>
          </reporter-output>
        </test-method> <!-- browserSetup -->
        <test-method signature="testGoogle()[pri:0, instance:crossbrowser.cross@30c15d8b]" started-at="2025-02-05T10:54:12 IST" name="testGoogle" finished-at="2025-02-05T10:54:22 IST" duration-ms="9726" status="PASS">
          <reporter-output>
            <line>
              <![CDATA[Browser:EdgeDriver: MicrosoftEdge on windows (5bb783b77f9b3852c384f0ef7cce0370) | Page Title: Google]]>
            </line>
          </reporter-output>
        </test-method> <!-- testGoogle -->
        <test-method is-config="true" signature="tearDown()[pri:0, instance:crossbrowser.cross@30c15d8b]" started-at="2025-02-05T10:54:22 IST" name="tearDown" finished-at="2025-02-05T10:54:29 IST" duration-ms="7105" status="PASS">
          <reporter-output>
          </reporter-output>
        </test-method> <!-- tearDown -->
      </class> <!-- crossbrowser.cross -->
    </test> <!-- Edge Test -->
    <test started-at="2025-02-05T10:54:04 IST" name="Chrome Test" finished-at="2025-02-05T10:54:30 IST" duration-ms="26365">
      <class name="crossbrowser.cross">
        <test-method is-config="true" signature="browserSetup(java.lang.String)[pri:0, instance:crossbrowser.cross@7d8995e]" started-at="2025-02-05T10:54:04 IST" name="browserSetup" finished-at="2025-02-05T10:54:18 IST" duration-ms="13511" status="PASS">
          <params>
            <param index="0">
              <value>
                <![CDATA[chrome]]>
              </value>
            </param>
          </params>
          <reporter-output>
          </reporter-output>
        </test-method> <!-- browserSetup -->
        <test-method signature="testGoogle()[pri:0, instance:crossbrowser.cross@7d8995e]" started-at="2025-02-05T10:54:18 IST" name="testGoogle" finished-at="2025-02-05T10:54:29 IST" duration-ms="11763" status="PASS">
          <reporter-output>
            <line>
              <![CDATA[Browser:ChromeDriver: chrome on windows (1f880aa3dcb5c4e362ad273bd9a2a44c) | Page Title: Google]]>
            </line>
          </reporter-output>
        </test-method> <!-- testGoogle -->
        <test-method is-config="true" signature="tearDown()[pri:0, instance:crossbrowser.cross@7d8995e]" started-at="2025-02-05T10:54:29 IST" name="tearDown" finished-at="2025-02-05T10:54:30 IST" duration-ms="1008" status="PASS">
          <reporter-output>
          </reporter-output>
        </test-method> <!-- tearDown -->
      </class> <!-- crossbrowser.cross -->
    </test> <!-- Chrome Test -->
    <test started-at="2025-02-05T10:54:04 IST" name="Firefox Test" finished-at="2025-02-05T10:54:36 IST" duration-ms="32519">
      <class name="crossbrowser.cross">
        <test-method is-config="true" signature="browserSetup(java.lang.String)[pri:0, instance:crossbrowser.cross@443118b0]" started-at="2025-02-05T10:54:04 IST" name="browserSetup" finished-at="2025-02-05T10:54:24 IST" duration-ms="19697" status="PASS">
          <params>
            <param index="0">
              <value>
                <![CDATA[firefox]]>
              </value>
            </param>
          </params>
          <reporter-output>
          </reporter-output>
        </test-method> <!-- browserSetup -->
        <test-method signature="testGoogle()[pri:0, instance:crossbrowser.cross@443118b0]" started-at="2025-02-05T10:54:24 IST" name="testGoogle" finished-at="2025-02-05T10:54:33 IST" duration-ms="9659" status="PASS">
          <reporter-output>
            <line>
              <![CDATA[Browser:FirefoxDriver: firefox on windows (e1419c66-825b-48b1-8fdb-52659aa2ea47) | Page Title: Google]]>
            </line>
          </reporter-output>
        </test-method> <!-- testGoogle -->
        <test-method is-config="true" signature="tearDown()[pri:0, instance:crossbrowser.cross@443118b0]" started-at="2025-02-05T10:54:33 IST" name="tearDown" finished-at="2025-02-05T10:54:36 IST" duration-ms="3081" status="PASS">
          <reporter-output>
          </reporter-output>
        </test-method> <!-- tearDown -->
      </class> <!-- crossbrowser.cross -->
    </test> <!-- Firefox Test -->
  </suite> <!-- Cross Browser Execution -->
</testng-results>
