<?xml version="1.0" encoding="UTF-8"?>
<!-- Generated by org.testng.reporters.JUnitReportReporter -->
<testsuite hostname="LIN-PF1TJHKT" failures="0" tests="3" name="crossbrowser.cross" time="31.148" errors="0" timestamp="2025-02-05T10:54:37 IST" skipped="0">
  <testcase classname="crossbrowser.cross" name="testGoogle" time="9.726"/>
  <system-out>
    <![CDATA[Browser:EdgeDriver: MicrosoftEdge on windows (5bb783b77f9b3852c384f0ef7cce0370) | Page Title: Google]]>
  </system-out>
  <testcase classname="crossbrowser.cross" name="testGoogle" time="9.659"/>
  <system-out>
    <![CDATA[Browser:FirefoxDriver: firefox on windows (e1419c66-825b-48b1-8fdb-52659aa2ea47) | Page Title: Google]]>
  </system-out>
  <testcase classname="crossbrowser.cross" name="testGoogle" time="11.763"/>
  <system-out>
    <![CDATA[Browser:ChromeDriver: chrome on windows (1f880aa3dcb5c4e362ad273bd9a2a44c) | Page Title: Google]]>
  </system-out>
</testsuite> <!-- crossbrowser.cross -->
